CRITICAL - 2023-12-22 21:29:40 --> The framework needs the following extension(s) installed and loaded: intl.
in SYSTEMPATH\CodeIgniter.php on line 252.
 1 SYSTEMPATH\CodeIgniter.php(252): CodeIgniter\Exceptions\FrameworkException::forMissingExtension('intl')
 2 SYSTEMPATH\CodeIgniter.php(214): CodeIgniter\CodeIgniter->resolvePlatformExtensions()
 3 ROOTPATH\spark(88): CodeIgniter\CodeIgniter->initialize()
CRITICAL - 2023-12-22 21:29:40 --> Uncaught Error: Class "Locale" not found in C:\xampp\htdocs\codeigniter4-framework-a033985\system\I18n\TimeTrait.php:74
Stack trace:
#0 C:\xampp\htdocs\codeigniter4-framework-a033985\system\I18n\TimeTrait.php(115): CodeIgniter\I18n\Time->__construct(NULL, NULL, NULL)
#1 C:\xampp\htdocs\codeigniter4-framework-a033985\system\HTTP\ResponseTrait.php(468): CodeIgniter\I18n\Time::now()
#2 C:\xampp\htdocs\codeigniter4-framework-a033985\system\HTTP\ResponseTrait.php(446): CodeIgniter\HTTP\Response->sendHeaders()
#3 C:\xampp\htdocs\codeigniter4-framework-a033985\system\Debug\ExceptionHandler.php(81): CodeIgniter\HTTP\Response->send()
#4 C:\xampp\htdocs\codeigniter4-framework-a033985\system\Debug\Exceptions.php(148): CodeIgniter\Debug\ExceptionHandler->handle(Object(CodeIgniter\Exceptions\FrameworkException), Object(CodeIgniter\HTTP\IncomingRequest), Object(CodeIgniter\HTTP\Response), 500, 1)
#5 [internal function]: CodeIgniter\Debug\Exceptions->exceptionHandler(Object(CodeIgniter\Exceptions\FrameworkException))
#6 {main}
  thrown
【Previous Exception】
CodeIgniter\Exceptions\FrameworkException
The framework needs the following extension(s) installed and loaded: intl.
#0 C:\xampp\htdocs\codeigniter4-framework-a033985\system\CodeIgniter.php(252): CodeIgniter\Exceptions\FrameworkException::forMissingExtension('intl')
#1 C:\xampp\htdocs\codeigniter4-framework-a033985\system\CodeIgniter.php(214): CodeIgniter\CodeIgniter->resolvePlatformExtensions()
#2 C:\xampp\htdocs\codeigniter4-framework-a033985\spark(88): CodeIgniter\CodeIgniter->initialize()
#3 {main}
in SYSTEMPATH\I18n\TimeTrait.php on line 74.
 1 [internal function]: CodeIgniter\Debug\Exceptions->shutdownHandler()
CRITICAL - 2023-12-22 22:14:58 --> The namespace delimiter is a backslash (\), not a slash (/). Route handler: "\App\Controllers\Articles/index"
in SYSTEMPATH\Router\Router.php on line 479.
 1 SYSTEMPATH\Router\Router.php(479): CodeIgniter\Router\Exceptions\RouterException::forInvalidControllerName('\\App\\Controllers\\Articles/index')
 2 SYSTEMPATH\Router\Router.php(186): CodeIgniter\Router\Router->checkRoutes('articles')
 3 SYSTEMPATH\CodeIgniter.php(823): CodeIgniter\Router\Router->handle('articles')
 4 SYSTEMPATH\CodeIgniter.php(450): CodeIgniter\CodeIgniter->tryToRouteIt(Object(CodeIgniter\Router\RouteCollection))
 5 SYSTEMPATH\CodeIgniter.php(361): CodeIgniter\CodeIgniter->handleRequest(null, Object(Config\Cache), false)
 6 FCPATH\index.php(79): CodeIgniter\CodeIgniter->run()
 7 SYSTEMPATH\Commands\Server\rewrite.php(47): require_once('C:\\xampp\\htdocs\\codeigniter4-framework-a033985\\public\\index.php')
CRITICAL - 2023-12-22 22:15:02 --> The namespace delimiter is a backslash (\), not a slash (/). Route handler: "\App\Controllers\Articles/index"
in SYSTEMPATH\Router\Router.php on line 479.
 1 SYSTEMPATH\Router\Router.php(479): CodeIgniter\Router\Exceptions\RouterException::forInvalidControllerName('\\App\\Controllers\\Articles/index')
 2 SYSTEMPATH\Router\Router.php(186): CodeIgniter\Router\Router->checkRoutes('articles')
 3 SYSTEMPATH\CodeIgniter.php(823): CodeIgniter\Router\Router->handle('articles')
 4 SYSTEMPATH\CodeIgniter.php(450): CodeIgniter\CodeIgniter->tryToRouteIt(Object(CodeIgniter\Router\RouteCollection))
 5 SYSTEMPATH\CodeIgniter.php(361): CodeIgniter\CodeIgniter->handleRequest(null, Object(Config\Cache), false)
 6 FCPATH\index.php(79): CodeIgniter\CodeIgniter->run()
 7 SYSTEMPATH\Commands\Server\rewrite.php(47): require_once('C:\\xampp\\htdocs\\codeigniter4-framework-a033985\\public\\index.php')
CRITICAL - 2023-12-22 22:15:03 --> The namespace delimiter is a backslash (\), not a slash (/). Route handler: "\App\Controllers\Articles/index"
in SYSTEMPATH\Router\Router.php on line 479.
 1 SYSTEMPATH\Router\Router.php(479): CodeIgniter\Router\Exceptions\RouterException::forInvalidControllerName('\\App\\Controllers\\Articles/index')
 2 SYSTEMPATH\Router\Router.php(186): CodeIgniter\Router\Router->checkRoutes('articles')
 3 SYSTEMPATH\CodeIgniter.php(823): CodeIgniter\Router\Router->handle('articles')
 4 SYSTEMPATH\CodeIgniter.php(450): CodeIgniter\CodeIgniter->tryToRouteIt(Object(CodeIgniter\Router\RouteCollection))
 5 SYSTEMPATH\CodeIgniter.php(361): CodeIgniter\CodeIgniter->handleRequest(null, Object(Config\Cache), false)
 6 FCPATH\index.php(79): CodeIgniter\CodeIgniter->run()
 7 SYSTEMPATH\Commands\Server\rewrite.php(47): require_once('C:\\xampp\\htdocs\\codeigniter4-framework-a033985\\public\\index.php')
CRITICAL - 2023-12-22 22:15:03 --> The namespace delimiter is a backslash (\), not a slash (/). Route handler: "\App\Controllers\Articles/index"
in SYSTEMPATH\Router\Router.php on line 479.
 1 SYSTEMPATH\Router\Router.php(479): CodeIgniter\Router\Exceptions\RouterException::forInvalidControllerName('\\App\\Controllers\\Articles/index')
 2 SYSTEMPATH\Router\Router.php(186): CodeIgniter\Router\Router->checkRoutes('articles')
 3 SYSTEMPATH\CodeIgniter.php(823): CodeIgniter\Router\Router->handle('articles')
 4 SYSTEMPATH\CodeIgniter.php(450): CodeIgniter\CodeIgniter->tryToRouteIt(Object(CodeIgniter\Router\RouteCollection))
 5 SYSTEMPATH\CodeIgniter.php(361): CodeIgniter\CodeIgniter->handleRequest(null, Object(Config\Cache), false)
 6 FCPATH\index.php(79): CodeIgniter\CodeIgniter->run()
 7 SYSTEMPATH\Commands\Server\rewrite.php(47): require_once('C:\\xampp\\htdocs\\codeigniter4-framework-a033985\\public\\index.php')
CRITICAL - 2023-12-22 22:15:04 --> The namespace delimiter is a backslash (\), not a slash (/). Route handler: "\App\Controllers\Articles/index"
in SYSTEMPATH\Router\Router.php on line 479.
 1 SYSTEMPATH\Router\Router.php(479): CodeIgniter\Router\Exceptions\RouterException::forInvalidControllerName('\\App\\Controllers\\Articles/index')
 2 SYSTEMPATH\Router\Router.php(186): CodeIgniter\Router\Router->checkRoutes('articles')
 3 SYSTEMPATH\CodeIgniter.php(823): CodeIgniter\Router\Router->handle('articles')
 4 SYSTEMPATH\CodeIgniter.php(450): CodeIgniter\CodeIgniter->tryToRouteIt(Object(CodeIgniter\Router\RouteCollection))
 5 SYSTEMPATH\CodeIgniter.php(361): CodeIgniter\CodeIgniter->handleRequest(null, Object(Config\Cache), false)
 6 FCPATH\index.php(79): CodeIgniter\CodeIgniter->run()
 7 SYSTEMPATH\Commands\Server\rewrite.php(47): require_once('C:\\xampp\\htdocs\\codeigniter4-framework-a033985\\public\\index.php')
CRITICAL - 2023-12-22 22:15:04 --> The namespace delimiter is a backslash (\), not a slash (/). Route handler: "\App\Controllers\Articles/index"
in SYSTEMPATH\Router\Router.php on line 479.
 1 SYSTEMPATH\Router\Router.php(479): CodeIgniter\Router\Exceptions\RouterException::forInvalidControllerName('\\App\\Controllers\\Articles/index')
 2 SYSTEMPATH\Router\Router.php(186): CodeIgniter\Router\Router->checkRoutes('articles')
 3 SYSTEMPATH\CodeIgniter.php(823): CodeIgniter\Router\Router->handle('articles')
 4 SYSTEMPATH\CodeIgniter.php(450): CodeIgniter\CodeIgniter->tryToRouteIt(Object(CodeIgniter\Router\RouteCollection))
 5 SYSTEMPATH\CodeIgniter.php(361): CodeIgniter\CodeIgniter->handleRequest(null, Object(Config\Cache), false)
 6 FCPATH\index.php(79): CodeIgniter\CodeIgniter->run()
 7 SYSTEMPATH\Commands\Server\rewrite.php(47): require_once('C:\\xampp\\htdocs\\codeigniter4-framework-a033985\\public\\index.php')
CRITICAL - 2023-12-22 22:15:04 --> The namespace delimiter is a backslash (\), not a slash (/). Route handler: "\App\Controllers\Articles/index"
in SYSTEMPATH\Router\Router.php on line 479.
 1 SYSTEMPATH\Router\Router.php(479): CodeIgniter\Router\Exceptions\RouterException::forInvalidControllerName('\\App\\Controllers\\Articles/index')
 2 SYSTEMPATH\Router\Router.php(186): CodeIgniter\Router\Router->checkRoutes('articles')
 3 SYSTEMPATH\CodeIgniter.php(823): CodeIgniter\Router\Router->handle('articles')
 4 SYSTEMPATH\CodeIgniter.php(450): CodeIgniter\CodeIgniter->tryToRouteIt(Object(CodeIgniter\Router\RouteCollection))
 5 SYSTEMPATH\CodeIgniter.php(361): CodeIgniter\CodeIgniter->handleRequest(null, Object(Config\Cache), false)
 6 FCPATH\index.php(79): CodeIgniter\CodeIgniter->run()
 7 SYSTEMPATH\Commands\Server\rewrite.php(47): require_once('C:\\xampp\\htdocs\\codeigniter4-framework-a033985\\public\\index.php')
CRITICAL - 2023-12-22 22:15:04 --> The namespace delimiter is a backslash (\), not a slash (/). Route handler: "\App\Controllers\Articles/index"
in SYSTEMPATH\Router\Router.php on line 479.
 1 SYSTEMPATH\Router\Router.php(479): CodeIgniter\Router\Exceptions\RouterException::forInvalidControllerName('\\App\\Controllers\\Articles/index')
 2 SYSTEMPATH\Router\Router.php(186): CodeIgniter\Router\Router->checkRoutes('articles')
 3 SYSTEMPATH\CodeIgniter.php(823): CodeIgniter\Router\Router->handle('articles')
 4 SYSTEMPATH\CodeIgniter.php(450): CodeIgniter\CodeIgniter->tryToRouteIt(Object(CodeIgniter\Router\RouteCollection))
 5 SYSTEMPATH\CodeIgniter.php(361): CodeIgniter\CodeIgniter->handleRequest(null, Object(Config\Cache), false)
 6 FCPATH\index.php(79): CodeIgniter\CodeIgniter->run()
 7 SYSTEMPATH\Commands\Server\rewrite.php(47): require_once('C:\\xampp\\htdocs\\codeigniter4-framework-a033985\\public\\index.php')
CRITICAL - 2023-12-22 22:15:04 --> The namespace delimiter is a backslash (\), not a slash (/). Route handler: "\App\Controllers\Articles/index"
in SYSTEMPATH\Router\Router.php on line 479.
 1 SYSTEMPATH\Router\Router.php(479): CodeIgniter\Router\Exceptions\RouterException::forInvalidControllerName('\\App\\Controllers\\Articles/index')
 2 SYSTEMPATH\Router\Router.php(186): CodeIgniter\Router\Router->checkRoutes('articles')
 3 SYSTEMPATH\CodeIgniter.php(823): CodeIgniter\Router\Router->handle('articles')
 4 SYSTEMPATH\CodeIgniter.php(450): CodeIgniter\CodeIgniter->tryToRouteIt(Object(CodeIgniter\Router\RouteCollection))
 5 SYSTEMPATH\CodeIgniter.php(361): CodeIgniter\CodeIgniter->handleRequest(null, Object(Config\Cache), false)
 6 FCPATH\index.php(79): CodeIgniter\CodeIgniter->run()
 7 SYSTEMPATH\Commands\Server\rewrite.php(47): require_once('C:\\xampp\\htdocs\\codeigniter4-framework-a033985\\public\\index.php')
CRITICAL - 2023-12-22 22:15:04 --> The namespace delimiter is a backslash (\), not a slash (/). Route handler: "\App\Controllers\Articles/index"
in SYSTEMPATH\Router\Router.php on line 479.
 1 SYSTEMPATH\Router\Router.php(479): CodeIgniter\Router\Exceptions\RouterException::forInvalidControllerName('\\App\\Controllers\\Articles/index')
 2 SYSTEMPATH\Router\Router.php(186): CodeIgniter\Router\Router->checkRoutes('articles')
 3 SYSTEMPATH\CodeIgniter.php(823): CodeIgniter\Router\Router->handle('articles')
 4 SYSTEMPATH\CodeIgniter.php(450): CodeIgniter\CodeIgniter->tryToRouteIt(Object(CodeIgniter\Router\RouteCollection))
 5 SYSTEMPATH\CodeIgniter.php(361): CodeIgniter\CodeIgniter->handleRequest(null, Object(Config\Cache), false)
 6 FCPATH\index.php(79): CodeIgniter\CodeIgniter->run()
 7 SYSTEMPATH\Commands\Server\rewrite.php(47): require_once('C:\\xampp\\htdocs\\codeigniter4-framework-a033985\\public\\index.php')
CRITICAL - 2023-12-22 22:15:05 --> The namespace delimiter is a backslash (\), not a slash (/). Route handler: "\App\Controllers\Articles/index"
in SYSTEMPATH\Router\Router.php on line 479.
 1 SYSTEMPATH\Router\Router.php(479): CodeIgniter\Router\Exceptions\RouterException::forInvalidControllerName('\\App\\Controllers\\Articles/index')
 2 SYSTEMPATH\Router\Router.php(186): CodeIgniter\Router\Router->checkRoutes('articles')
 3 SYSTEMPATH\CodeIgniter.php(823): CodeIgniter\Router\Router->handle('articles')
 4 SYSTEMPATH\CodeIgniter.php(450): CodeIgniter\CodeIgniter->tryToRouteIt(Object(CodeIgniter\Router\RouteCollection))
 5 SYSTEMPATH\CodeIgniter.php(361): CodeIgniter\CodeIgniter->handleRequest(null, Object(Config\Cache), false)
 6 FCPATH\index.php(79): CodeIgniter\CodeIgniter->run()
 7 SYSTEMPATH\Commands\Server\rewrite.php(47): require_once('C:\\xampp\\htdocs\\codeigniter4-framework-a033985\\public\\index.php')
CRITICAL - 2023-12-22 22:22:49 --> syntax error, unexpected double-quoted string "Hello World!"
in APPPATH\Views\Articles\index.php on line 5.
 1 SYSTEMPATH\View\View.php(231): CodeIgniter\View\View->CodeIgniter\View\{closure}()
 2 SYSTEMPATH\Common.php(1190): CodeIgniter\View\View->render('Articles/index', [], true)
 3 APPPATH\Controllers\Home.php(9): view('Articles/index')
 4 SYSTEMPATH\CodeIgniter.php(942): App\Controllers\Home->index()
 5 SYSTEMPATH\CodeIgniter.php(502): CodeIgniter\CodeIgniter->runController(Object(App\Controllers\Home))
 6 SYSTEMPATH\CodeIgniter.php(361): CodeIgniter\CodeIgniter->handleRequest(null, Object(Config\Cache), false)
 7 FCPATH\index.php(79): CodeIgniter\CodeIgniter->run()
 8 SYSTEMPATH\Commands\Server\rewrite.php(47): require_once('C:\\xampp\\htdocs\\codeigniter4-framework-a033985\\public\\index.php')
CRITICAL - 2023-12-22 22:30:59 --> Undefined global variable $x
in APPPATH\Views\Articles\index.php on line 10.
 1 APPPATH\Views\Articles\index.php(10): CodeIgniter\Debug\Exceptions->errorHandler(2, 'Undefined global variable $x', 'C:\\xampp\\htdocs\\codeigniter4-framework-a033985\\app\\Views\\Articles\\index.php', 10)
 2 APPPATH\Views\Articles\index.php(13): my()
 3 SYSTEMPATH\View\View.php(228): include('C:\\xampp\\htdocs\\codeigniter4-framework-a033985\\app\\Views\\Articles\\index.php')
 4 SYSTEMPATH\View\View.php(231): CodeIgniter\View\View->CodeIgniter\View\{closure}()
 5 SYSTEMPATH\Common.php(1190): CodeIgniter\View\View->render('Articles/index', [], true)
 6 APPPATH\Controllers\Home.php(9): view('Articles/index')
 7 SYSTEMPATH\CodeIgniter.php(942): App\Controllers\Home->index()
 8 SYSTEMPATH\CodeIgniter.php(502): CodeIgniter\CodeIgniter->runController(Object(App\Controllers\Home))
 9 SYSTEMPATH\CodeIgniter.php(361): CodeIgniter\CodeIgniter->handleRequest(null, Object(Config\Cache), false)
10 FCPATH\index.php(79): CodeIgniter\CodeIgniter->run()
11 SYSTEMPATH\Commands\Server\rewrite.php(47): require_once('C:\\xampp\\htdocs\\codeigniter4-framework-a033985\\public\\index.php')
CRITICAL - 2023-12-22 22:31:17 --> Undefined global variable $x
in APPPATH\Views\Articles\index.php on line 10.
 1 APPPATH\Views\Articles\index.php(10): CodeIgniter\Debug\Exceptions->errorHandler(2, 'Undefined global variable $x', 'C:\\xampp\\htdocs\\codeigniter4-framework-a033985\\app\\Views\\Articles\\index.php', 10)
 2 APPPATH\Views\Articles\index.php(13): my()
 3 SYSTEMPATH\View\View.php(228): include('C:\\xampp\\htdocs\\codeigniter4-framework-a033985\\app\\Views\\Articles\\index.php')
 4 SYSTEMPATH\View\View.php(231): CodeIgniter\View\View->CodeIgniter\View\{closure}()
 5 SYSTEMPATH\Common.php(1190): CodeIgniter\View\View->render('Articles/index', [], true)
 6 APPPATH\Controllers\Home.php(9): view('Articles/index')
 7 SYSTEMPATH\CodeIgniter.php(942): App\Controllers\Home->index()
 8 SYSTEMPATH\CodeIgniter.php(502): CodeIgniter\CodeIgniter->runController(Object(App\Controllers\Home))
 9 SYSTEMPATH\CodeIgniter.php(361): CodeIgniter\CodeIgniter->handleRequest(null, Object(Config\Cache), false)
10 FCPATH\index.php(79): CodeIgniter\CodeIgniter->run()
11 SYSTEMPATH\Commands\Server\rewrite.php(47): require_once('C:\\xampp\\htdocs\\codeigniter4-framework-a033985\\public\\index.php')
CRITICAL - 2023-12-22 22:31:18 --> Undefined global variable $x
in APPPATH\Views\Articles\index.php on line 10.
 1 APPPATH\Views\Articles\index.php(10): CodeIgniter\Debug\Exceptions->errorHandler(2, 'Undefined global variable $x', 'C:\\xampp\\htdocs\\codeigniter4-framework-a033985\\app\\Views\\Articles\\index.php', 10)
 2 APPPATH\Views\Articles\index.php(13): my()
 3 SYSTEMPATH\View\View.php(228): include('C:\\xampp\\htdocs\\codeigniter4-framework-a033985\\app\\Views\\Articles\\index.php')
 4 SYSTEMPATH\View\View.php(231): CodeIgniter\View\View->CodeIgniter\View\{closure}()
 5 SYSTEMPATH\Common.php(1190): CodeIgniter\View\View->render('Articles/index', [], true)
 6 APPPATH\Controllers\Home.php(9): view('Articles/index')
 7 SYSTEMPATH\CodeIgniter.php(942): App\Controllers\Home->index()
 8 SYSTEMPATH\CodeIgniter.php(502): CodeIgniter\CodeIgniter->runController(Object(App\Controllers\Home))
 9 SYSTEMPATH\CodeIgniter.php(361): CodeIgniter\CodeIgniter->handleRequest(null, Object(Config\Cache), false)
10 FCPATH\index.php(79): CodeIgniter\CodeIgniter->run()
11 SYSTEMPATH\Commands\Server\rewrite.php(47): require_once('C:\\xampp\\htdocs\\codeigniter4-framework-a033985\\public\\index.php')
CRITICAL - 2023-12-22 23:04:08 --> Invalid file: "Articles/index.php"
in SYSTEMPATH\Exceptions\FrameworkException.php on line 39.
 1 SYSTEMPATH\View\View.php(216): CodeIgniter\Exceptions\FrameworkException::forInvalidFile('Articles/index.php')
 2 SYSTEMPATH\Common.php(1190): CodeIgniter\View\View->render('Articles/index', [], true)
 3 APPPATH\Controllers\Home.php(9): view('Articles/index')
 4 SYSTEMPATH\CodeIgniter.php(942): App\Controllers\Home->index()
 5 SYSTEMPATH\CodeIgniter.php(502): CodeIgniter\CodeIgniter->runController(Object(App\Controllers\Home))
 6 SYSTEMPATH\CodeIgniter.php(361): CodeIgniter\CodeIgniter->handleRequest(null, Object(Config\Cache), false)
 7 FCPATH\index.php(79): CodeIgniter\CodeIgniter->run()
 8 SYSTEMPATH\Commands\Server\rewrite.php(47): require_once('C:\\xampp\\htdocs\\codeigniter4-framework-a033985\\public\\index.php')
CRITICAL - 2023-12-22 23:04:23 --> Invalid file: "Articles/index.php"
in SYSTEMPATH\Exceptions\FrameworkException.php on line 39.
 1 SYSTEMPATH\View\View.php(216): CodeIgniter\Exceptions\FrameworkException::forInvalidFile('Articles/index.php')
 2 SYSTEMPATH\Common.php(1190): CodeIgniter\View\View->render('Articles/index', [], true)
 3 APPPATH\Controllers\Home.php(9): view('Articles/index')
 4 SYSTEMPATH\CodeIgniter.php(942): App\Controllers\Home->index()
 5 SYSTEMPATH\CodeIgniter.php(502): CodeIgniter\CodeIgniter->runController(Object(App\Controllers\Home))
 6 SYSTEMPATH\CodeIgniter.php(361): CodeIgniter\CodeIgniter->handleRequest(null, Object(Config\Cache), false)
 7 FCPATH\index.php(79): CodeIgniter\CodeIgniter->run()
 8 SYSTEMPATH\Commands\Server\rewrite.php(47): require_once('C:\\xampp\\htdocs\\codeigniter4-framework-a033985\\public\\index.php')
CRITICAL - 2023-12-22 23:04:36 --> Invalid file: "Articles/index.php"
in SYSTEMPATH\Exceptions\FrameworkException.php on line 39.
 1 SYSTEMPATH\View\View.php(216): CodeIgniter\Exceptions\FrameworkException::forInvalidFile('Articles/index.php')
 2 SYSTEMPATH\Common.php(1190): CodeIgniter\View\View->render('Articles/index', [], true)
 3 APPPATH\Controllers\Home.php(9): view('Articles/index')
 4 SYSTEMPATH\CodeIgniter.php(942): App\Controllers\Home->index()
 5 SYSTEMPATH\CodeIgniter.php(502): CodeIgniter\CodeIgniter->runController(Object(App\Controllers\Home))
 6 SYSTEMPATH\CodeIgniter.php(361): CodeIgniter\CodeIgniter->handleRequest(null, Object(Config\Cache), false)
 7 FCPATH\index.php(79): CodeIgniter\CodeIgniter->run()
 8 SYSTEMPATH\Commands\Server\rewrite.php(47): require_once('C:\\xampp\\htdocs\\codeigniter4-framework-a033985\\public\\index.php')
CRITICAL - 2023-12-22 23:04:54 --> Invalid file: "Articles/index.php"
in SYSTEMPATH\Exceptions\FrameworkException.php on line 39.
 1 SYSTEMPATH\View\View.php(216): CodeIgniter\Exceptions\FrameworkException::forInvalidFile('Articles/index.php')
 2 SYSTEMPATH\Common.php(1190): CodeIgniter\View\View->render('Articles/index', [], true)
 3 APPPATH\Controllers\Home.php(9): view('Articles/index')
 4 SYSTEMPATH\CodeIgniter.php(942): App\Controllers\Home->index()
 5 SYSTEMPATH\CodeIgniter.php(502): CodeIgniter\CodeIgniter->runController(Object(App\Controllers\Home))
 6 SYSTEMPATH\CodeIgniter.php(361): CodeIgniter\CodeIgniter->handleRequest(null, Object(Config\Cache), false)
 7 FCPATH\index.php(79): CodeIgniter\CodeIgniter->run()
 8 SYSTEMPATH\Commands\Server\rewrite.php(47): require_once('C:\\xampp\\htdocs\\codeigniter4-framework-a033985\\public\\index.php')
CRITICAL - 2023-12-22 23:04:55 --> Invalid file: "Articles/index.php"
in SYSTEMPATH\Exceptions\FrameworkException.php on line 39.
 1 SYSTEMPATH\View\View.php(216): CodeIgniter\Exceptions\FrameworkException::forInvalidFile('Articles/index.php')
 2 SYSTEMPATH\Common.php(1190): CodeIgniter\View\View->render('Articles/index', [], true)
 3 APPPATH\Controllers\Home.php(9): view('Articles/index')
 4 SYSTEMPATH\CodeIgniter.php(942): App\Controllers\Home->index()
 5 SYSTEMPATH\CodeIgniter.php(502): CodeIgniter\CodeIgniter->runController(Object(App\Controllers\Home))
 6 SYSTEMPATH\CodeIgniter.php(361): CodeIgniter\CodeIgniter->handleRequest(null, Object(Config\Cache), false)
 7 FCPATH\index.php(79): CodeIgniter\CodeIgniter->run()
 8 SYSTEMPATH\Commands\Server\rewrite.php(47): require_once('C:\\xampp\\htdocs\\codeigniter4-framework-a033985\\public\\index.php')
CRITICAL - 2023-12-22 23:05:56 --> Invalid file: "Articles/index.php"
in SYSTEMPATH\Exceptions\FrameworkException.php on line 39.
 1 SYSTEMPATH\View\View.php(216): CodeIgniter\Exceptions\FrameworkException::forInvalidFile('Articles/index.php')
 2 SYSTEMPATH\Common.php(1190): CodeIgniter\View\View->render('Articles/index', [], true)
 3 APPPATH\Controllers\Home.php(9): view('Articles/index')
 4 SYSTEMPATH\CodeIgniter.php(942): App\Controllers\Home->index()
 5 SYSTEMPATH\CodeIgniter.php(502): CodeIgniter\CodeIgniter->runController(Object(App\Controllers\Home))
 6 SYSTEMPATH\CodeIgniter.php(361): CodeIgniter\CodeIgniter->handleRequest(null, Object(Config\Cache), false)
 7 FCPATH\index.php(79): CodeIgniter\CodeIgniter->run()
 8 SYSTEMPATH\Commands\Server\rewrite.php(47): require_once('C:\\xampp\\htdocs\\codeigniter4-framework-a033985\\public\\index.php')
CRITICAL - 2023-12-22 23:06:01 --> Invalid file: "Articles/index.php"
in SYSTEMPATH\Exceptions\FrameworkException.php on line 39.
 1 SYSTEMPATH\View\View.php(216): CodeIgniter\Exceptions\FrameworkException::forInvalidFile('Articles/index.php')
 2 SYSTEMPATH\Common.php(1190): CodeIgniter\View\View->render('Articles/index', [], true)
 3 APPPATH\Controllers\Home.php(9): view('Articles/index')
 4 SYSTEMPATH\CodeIgniter.php(942): App\Controllers\Home->index()
 5 SYSTEMPATH\CodeIgniter.php(502): CodeIgniter\CodeIgniter->runController(Object(App\Controllers\Home))
 6 SYSTEMPATH\CodeIgniter.php(361): CodeIgniter\CodeIgniter->handleRequest(null, Object(Config\Cache), false)
 7 FCPATH\index.php(79): CodeIgniter\CodeIgniter->run()
 8 SYSTEMPATH\Commands\Server\rewrite.php(47): require_once('C:\\xampp\\htdocs\\codeigniter4-framework-a033985\\public\\index.php')
